<?xml version="1.0" encoding="UTF-8" ?>
<testsuite tests="2" failures="0" name="xyz.dimonick.Services.MinSalaryTest" time="0.336" errors="0" skipped="0">
  <properties>
    <property name="java.runtime.name" value="Java(TM) SE Runtime Environment"/>
    <property name="sun.boot.library.path" value="C:\JAVA\JDK8\jre\bin"/>
    <property name="java.vm.version" value="25.121-b13"/>
    <property name="java.vm.vendor" value="Oracle Corporation"/>
    <property name="java.vendor.url" value="http://java.oracle.com/"/>
    <property name="path.separator" value=";"/>
    <property name="guice.disable.misplaced.annotation.check" value="true"/>
    <property name="java.vm.name" value="Java HotSpot(TM) 64-Bit Server VM"/>
    <property name="file.encoding.pkg" value="sun.io"/>
    <property name="user.script" value=""/>
    <property name="user.country" value="RU"/>
    <property name="sun.java.launcher" value="SUN_STANDARD"/>
    <property name="sun.os.patch.level" value=""/>
    <property name="java.vm.specification.name" value="Java Virtual Machine Specification"/>
    <property name="user.dir" value="E:\atlastutorial\JAVA\IndexationWeb"/>
    <property name="java.runtime.version" value="1.8.0_121-b13"/>
    <property name="java.awt.graphicsenv" value="sun.awt.Win32GraphicsEnvironment"/>
    <property name="java.endorsed.dirs" value="C:\JAVA\JDK8\jre\lib\endorsed"/>
    <property name="os.arch" value="amd64"/>
    <property name="java.io.tmpdir" value="C:\Users\DPOLIS~1.SOF\AppData\Local\Temp\"/>
    <property name="line.separator" value="
"/>
    <property name="java.vm.specification.vendor" value="Oracle Corporation"/>
    <property name="user.variant" value=""/>
    <property name="os.name" value="Windows 10"/>
    <property name="classworlds.conf" value="C:\Atlassian\atlassian-plugin-sdk-6.2.14\apache-maven-3.2.1\bin\m2.conf"/>
    <property name="sun.jnu.encoding" value="Cp1251"/>
    <property name="java.library.path" value="C:\JAVA\JDK8\bin;C:\Windows\Sun\Java\bin;C:\Windows\system32;C:\Windows;C:\ProgramData\Oracle\Java\javapath;C:\Windows\system32;C:\Windows;C:\Windows\System32\Wbem;C:\Windows\System32\WindowsPowerShell\v1.0\;C:\Git\cmd;C:\JAVA\JDK8\bin;%CATALINA_HOME%\bin;C:\Atlassian\atlassian-plugin-sdk-6.2.14\apache-maven-3.2.1\bin; E:\ANDR; E:\ANDR\journalzzz\lib\x86;C:\Atlassian\atlassian-plugin-sdk-6.2.14\apache-maven-3.2.1; C:\adb;C:\Program Files\nodejs\;C:\Program Files (x86)\Skype\Phone\;C:\Activator\bin;E:\Downloads\curl_7_53_1_openssl_nghttp2_x64;C:\sbt\bin;C:\Program Files (x86)\SolarWinds\DameWare Remote Support;C:\Ruby23-x64\bin;C:\Users\d.polishchuk.SOFTLIST\AppData\Roaming\npm;C:\Atlassian\atlassian-plugin-sdk-6.2.14\bin;C:\Program Files\Heroku\bin;."/>
    <property name="sun.awt.enableExtraMouseButtons" value="true"/>
    <property name="java.specification.name" value="Java Platform API Specification"/>
    <property name="java.class.version" value="52.0"/>
    <property name="sun.management.compiler" value="HotSpot 64-Bit Tiered Compilers"/>
    <property name="os.version" value="10.0"/>
    <property name="user.home" value="C:\Users\d.polishchuk.SOFTLIST"/>
    <property name="user.timezone" value="Europe/Helsinki"/>
    <property name="java.awt.printerjob" value="sun.awt.windows.WPrinterJob"/>
    <property name="java.specification.version" value="1.8"/>
    <property name="file.encoding" value="Cp1251"/>
    <property name="user.name" value="d.polishchuk"/>
    <property name="java.class.path" value="C:\Atlassian\atlassian-plugin-sdk-6.2.14\apache-maven-3.2.1\boot\plexus-classworlds-2.5.1.jar"/>
    <property name="org.slf4j.simpleLogger.defaultLogLevel" value="info"/>
    <property name="java.vm.specification.version" value="1.8"/>
    <property name="sun.arch.data.model" value="64"/>
    <property name="java.home" value="C:\JAVA\JDK8\jre"/>
    <property name="sun.java.command" value="org.codehaus.plexus.classworlds.launcher.Launcher clean package"/>
    <property name="java.specification.vendor" value="Oracle Corporation"/>
    <property name="user.language" value="ru"/>
    <property name="awt.toolkit" value="sun.awt.windows.WToolkit"/>
    <property name="java.vm.info" value="mixed mode"/>
    <property name="java.version" value="1.8.0_121"/>
    <property name="java.ext.dirs" value="C:\JAVA\JDK8\jre\lib\ext;C:\Windows\Sun\Java\lib\ext"/>
    <property name="sun.boot.class.path" value="C:\JAVA\JDK8\jre\lib\resources.jar;C:\JAVA\JDK8\jre\lib\rt.jar;C:\JAVA\JDK8\jre\lib\sunrsasign.jar;C:\JAVA\JDK8\jre\lib\jsse.jar;C:\JAVA\JDK8\jre\lib\jce.jar;C:\JAVA\JDK8\jre\lib\charsets.jar;C:\JAVA\JDK8\jre\lib\jfr.jar;C:\JAVA\JDK8\jre\classes"/>
    <property name="sun.stderr.encoding" value="cp866"/>
    <property name="java.vendor" value="Oracle Corporation"/>
    <property name="maven.home" value="C:\Atlassian\atlassian-plugin-sdk-6.2.14\apache-maven-3.2.1"/>
    <property name="file.separator" value="\"/>
    <property name="java.vendor.url.bug" value="http://bugreport.sun.com/bugreport/"/>
    <property name="sun.cpu.endian" value="little"/>
    <property name="sun.io.unicode.encoding" value="UnicodeLittle"/>
    <property name="sun.stdout.encoding" value="cp866"/>
    <property name="sun.desktop" value="windows"/>
    <property name="sun.cpu.isalist" value="amd64"/>
  </properties>
  <testcase classname="xyz.dimonick.Services.MinSalaryTest" name="checkDownload" time="0.099"/>
  <testcase classname="xyz.dimonick.Services.MinSalaryTest" name="checkResult" time="0.237"/>
</testsuite>